14/10/2017 14:25:56 (Std) 	+-+-+-+-+-+-+-+-+-+-+-+-+-+-+-+-+-+-+-+-+-+-+-+-+-+-+-+-+-+-+-+-+-+-+-+-+-+-+-+
14/10/2017 14:25:56 (Std) 	+                     Crazy Eddie's GUI System - Event log                    +
14/10/2017 14:25:56 (Std) 	+                          (http://www.cegui.org.uk/)                         +
14/10/2017 14:25:56 (Std) 	+-+-+-+-+-+-+-+-+-+-+-+-+-+-+-+-+-+-+-+-+-+-+-+-+-+-+-+-+-+-+-+-+-+-+-+-+-+-+-+

14/10/2017 14:25:56 (Std) 	CEGUI::Logger singleton created. (0x1a5e020)
14/10/2017 14:25:56 (Std) 	
14/10/2017 14:25:56 (Std) 	********************************************************************************
14/10/2017 14:25:56 (Std) 	* Important:                                                                   *
14/10/2017 14:25:56 (Std) 	*     To get support at the CEGUI forums, you must post _at least_ the section *
14/10/2017 14:25:56 (Std) 	*     of this log file indicated below.  Failure to do this will result in no  *
14/10/2017 14:25:56 (Std) 	*     support being given; please do not waste our time.                       *
14/10/2017 14:25:56 (Std) 	********************************************************************************
14/10/2017 14:25:56 (Std) 	********************************************************************************
14/10/2017 14:25:56 (Std) 	* -------- START OF ESSENTIAL SECTION TO BE POSTED ON THE FORUM       -------- *
14/10/2017 14:25:56 (Std) 	********************************************************************************
14/10/2017 14:25:56 (Std) 	---- Version: 0.8.7 (Build: Oct  6 2017 GNU/Linux g++ 5.4.0 20160609 64 bit) ----
14/10/2017 14:25:56 (Std) 	---- Renderer module is: CEGUI::OgreRenderer - Official OGRE based 2nd generation renderer module. ----
14/10/2017 14:25:56 (Std) 	---- XML Parser module is: CEGUI::ExpatParser - Official expat based parser module for CEGUI ----
14/10/2017 14:25:56 (Std) 	---- Image Codec module is: OgreImageCodec - Integrated ImageCodec using the Ogre engine. ----
14/10/2017 14:25:56 (Std) 	---- Scripting module is: None ----
14/10/2017 14:25:56 (Std) 	********************************************************************************
14/10/2017 14:25:56 (Std) 	* -------- END OF ESSENTIAL SECTION TO BE POSTED ON THE FORUM         -------- *
14/10/2017 14:25:56 (Std) 	********************************************************************************
14/10/2017 14:25:56 (Std) 	
14/10/2017 14:25:56 (Std) 	---- Begining CEGUI System initialisation ----
14/10/2017 14:25:56 (Std) 	[CEGUI::ImageManager] Singleton created (0x1a63f50)
14/10/2017 14:25:56 (Std) 	[CEGUI::ImageManager] Registered Image type: BasicImage
14/10/2017 14:25:56 (Std) 	CEGUI::FontManager singleton created. (0x1a5fef0)
14/10/2017 14:25:56 (Std) 	CEGUI::WindowFactoryManager singleton created
14/10/2017 14:25:56 (Std) 	CEGUI::WindowManager singleton created (0x1a5efd0)
14/10/2017 14:25:56 (Std) 	CEGUI::SchemeManager singleton created. (0x1a60020)
14/10/2017 14:25:56 (Std) 	CEGUI::GlobalEventSet singleton created. (0x1a5ef20)
14/10/2017 14:25:56 (Std) 	CEGUI::AnimationManager singleton created (0x1a61a90)
14/10/2017 14:25:56 (Std) 	CEGUI::WidgetLookManager singleton created. (0x1a5eee0)
14/10/2017 14:25:56 (Std) 	CEGUI::WindowRendererManager singleton created (0x1a60150)
14/10/2017 14:25:56 (Std) 	CEGUI::RenderEffectManager singleton created (0x1a63ed0)
14/10/2017 14:25:56 (Std) 	Created WindowFactory for 'DefaultWindow' windows.
14/10/2017 14:25:56 (Std) 	WindowFactory for 'DefaultWindow' windows added. (0x1a66c40)
14/10/2017 14:25:56 (Std) 	Created WindowFactory for 'DragContainer' windows.
14/10/2017 14:25:56 (Std) 	WindowFactory for 'DragContainer' windows added. (0x1a66e90)
14/10/2017 14:25:56 (Std) 	Created WindowFactory for 'ScrolledContainer' windows.
14/10/2017 14:25:56 (Std) 	WindowFactory for 'ScrolledContainer' windows added. (0x1a67030)
14/10/2017 14:25:56 (Std) 	Created WindowFactory for 'ClippedContainer' windows.
14/10/2017 14:25:56 (Std) 	WindowFactory for 'ClippedContainer' windows added. (0x1a671d0)
14/10/2017 14:25:56 (Std) 	Created WindowFactory for 'CEGUI/PushButton' windows.
14/10/2017 14:25:56 (Std) 	WindowFactory for 'CEGUI/PushButton' windows added. (0x1a67370)
14/10/2017 14:25:56 (Std) 	Created WindowFactory for 'CEGUI/RadioButton' windows.
14/10/2017 14:25:56 (Std) 	WindowFactory for 'CEGUI/RadioButton' windows added. (0x1a67510)
14/10/2017 14:25:56 (Std) 	Created WindowFactory for 'CEGUI/Combobox' windows.
14/10/2017 14:25:56 (Std) 	WindowFactory for 'CEGUI/Combobox' windows added. (0x1a676b0)
14/10/2017 14:25:56 (Std) 	Created WindowFactory for 'CEGUI/ComboDropList' windows.
14/10/2017 14:25:56 (Std) 	WindowFactory for 'CEGUI/ComboDropList' windows added. (0x1a678b0)
14/10/2017 14:25:56 (Std) 	Created WindowFactory for 'CEGUI/Editbox' windows.
14/10/2017 14:25:56 (Std) 	WindowFactory for 'CEGUI/Editbox' windows added. (0x1a67a50)
14/10/2017 14:25:56 (Std) 	Created WindowFactory for 'CEGUI/FrameWindow' windows.
14/10/2017 14:25:56 (Std) 	WindowFactory for 'CEGUI/FrameWindow' windows added. (0x1a67bf0)
14/10/2017 14:25:56 (Std) 	Created WindowFactory for 'CEGUI/ItemEntry' windows.
14/10/2017 14:25:56 (Std) 	WindowFactory for 'CEGUI/ItemEntry' windows added. (0x1a67d90)
14/10/2017 14:25:56 (Std) 	Created WindowFactory for 'CEGUI/Listbox' windows.
14/10/2017 14:25:56 (Std) 	WindowFactory for 'CEGUI/Listbox' windows added. (0x1a67f30)
14/10/2017 14:25:56 (Std) 	Created WindowFactory for 'CEGUI/ListHeader' windows.
14/10/2017 14:25:56 (Std) 	WindowFactory for 'CEGUI/ListHeader' windows added. (0x1a68130)
14/10/2017 14:25:56 (Std) 	Created WindowFactory for 'CEGUI/ListHeaderSegment' windows.
14/10/2017 14:25:56 (Std) 	WindowFactory for 'CEGUI/ListHeaderSegment' windows added. (0x1a682d0)
14/10/2017 14:25:56 (Std) 	Created WindowFactory for 'CEGUI/Menubar' windows.
14/10/2017 14:25:56 (Std) 	WindowFactory for 'CEGUI/Menubar' windows added. (0x1a68470)
14/10/2017 14:25:56 (Std) 	Created WindowFactory for 'CEGUI/PopupMenu' windows.
14/10/2017 14:25:56 (Std) 	WindowFactory for 'CEGUI/PopupMenu' windows added. (0x1a68610)
14/10/2017 14:25:56 (Std) 	Created WindowFactory for 'CEGUI/MenuItem' windows.
14/10/2017 14:25:56 (Std) 	WindowFactory for 'CEGUI/MenuItem' windows added. (0x1a687b0)
14/10/2017 14:25:56 (Std) 	Created WindowFactory for 'CEGUI/MultiColumnList' windows.
14/10/2017 14:25:56 (Std) 	WindowFactory for 'CEGUI/MultiColumnList' windows added. (0x1a68a60)
14/10/2017 14:25:56 (Std) 	Created WindowFactory for 'CEGUI/MultiLineEditbox' windows.
14/10/2017 14:25:56 (Std) 	WindowFactory for 'CEGUI/MultiLineEditbox' windows added. (0x1a68c00)
14/10/2017 14:25:56 (Std) 	Created WindowFactory for 'CEGUI/ProgressBar' windows.
14/10/2017 14:25:56 (Std) 	WindowFactory for 'CEGUI/ProgressBar' windows added. (0x1a68da0)
14/10/2017 14:25:56 (Std) 	Created WindowFactory for 'CEGUI/ScrollablePane' windows.
14/10/2017 14:25:56 (Std) 	WindowFactory for 'CEGUI/ScrollablePane' windows added. (0x1a68f40)
14/10/2017 14:25:56 (Std) 	Created WindowFactory for 'CEGUI/Scrollbar' windows.
14/10/2017 14:25:56 (Std) 	WindowFactory for 'CEGUI/Scrollbar' windows added. (0x1a690e0)
14/10/2017 14:25:56 (Std) 	Created WindowFactory for 'CEGUI/Slider' windows.
14/10/2017 14:25:56 (Std) 	WindowFactory for 'CEGUI/Slider' windows added. (0x1a69280)
14/10/2017 14:25:56 (Std) 	Created WindowFactory for 'CEGUI/Spinner' windows.
14/10/2017 14:25:56 (Std) 	WindowFactory for 'CEGUI/Spinner' windows added. (0x1a69420)
14/10/2017 14:25:56 (Std) 	Created WindowFactory for 'CEGUI/TabButton' windows.
14/10/2017 14:25:56 (Std) 	WindowFactory for 'CEGUI/TabButton' windows added. (0x1a695c0)
14/10/2017 14:25:56 (Std) 	Created WindowFactory for 'CEGUI/TabControl' windows.
14/10/2017 14:25:56 (Std) 	WindowFactory for 'CEGUI/TabControl' windows added. (0x1a69760)
14/10/2017 14:25:56 (Std) 	Created WindowFactory for 'CEGUI/Thumb' windows.
14/10/2017 14:25:56 (Std) 	WindowFactory for 'CEGUI/Thumb' windows added. (0x1a69900)
14/10/2017 14:25:56 (Std) 	Created WindowFactory for 'CEGUI/Titlebar' windows.
14/10/2017 14:25:56 (Std) 	WindowFactory for 'CEGUI/Titlebar' windows added. (0x1a69aa0)
14/10/2017 14:25:56 (Std) 	Created WindowFactory for 'CEGUI/ToggleButton' windows.
14/10/2017 14:25:56 (Std) 	WindowFactory for 'CEGUI/ToggleButton' windows added. (0x1a69c40)
14/10/2017 14:25:56 (Std) 	Created WindowFactory for 'CEGUI/Tooltip' windows.
14/10/2017 14:25:56 (Std) 	WindowFactory for 'CEGUI/Tooltip' windows added. (0x1a69de0)
14/10/2017 14:25:56 (Std) 	Created WindowFactory for 'CEGUI/ItemListbox' windows.
14/10/2017 14:25:56 (Std) 	WindowFactory for 'CEGUI/ItemListbox' windows added. (0x1a69f80)
14/10/2017 14:25:56 (Std) 	Created WindowFactory for 'CEGUI/GroupBox' windows.
14/10/2017 14:25:56 (Std) 	WindowFactory for 'CEGUI/GroupBox' windows added. (0x1a6a120)
14/10/2017 14:25:56 (Std) 	Created WindowFactory for 'CEGUI/Tree' windows.
14/10/2017 14:25:56 (Std) 	WindowFactory for 'CEGUI/Tree' windows added. (0x1a6a2c0)
14/10/2017 14:25:56 (Std) 	Created WindowFactory for 'LayoutCell' windows.
14/10/2017 14:25:56 (Std) 	WindowFactory for 'LayoutCell' windows added. (0x1a68950)
14/10/2017 14:25:56 (Std) 	Created WindowFactory for 'HorizontalLayoutContainer' windows.
14/10/2017 14:25:56 (Std) 	WindowFactory for 'HorizontalLayoutContainer' windows added. (0x1a6a750)
14/10/2017 14:25:56 (Std) 	Created WindowFactory for 'VerticalLayoutContainer' windows.
14/10/2017 14:25:56 (Std) 	WindowFactory for 'VerticalLayoutContainer' windows added. (0x1a6a8f0)
14/10/2017 14:25:56 (Std) 	Created WindowFactory for 'GridLayoutContainer' windows.
14/10/2017 14:25:56 (Std) 	WindowFactory for 'GridLayoutContainer' windows added. (0x1a6aa90)
14/10/2017 14:25:56 (Std) 	CEGUI::System singleton created. (0x1a5dea0)
14/10/2017 14:25:56 (Std) 	---- CEGUI System initialisation completed ----
14/10/2017 14:25:56 (Std) 	
14/10/2017 14:25:56 (Std) 	Started creation of Scheme from XML specification:
14/10/2017 14:25:56 (Std) 	---- CEGUI GUIScheme name: TaharezLook
14/10/2017 14:25:56 (Std) 	[ImageManager] Started creation of Imageset from XML specification:
14/10/2017 14:25:56 (Std) 	[ImageManager] ---- CEGUI Imageset name: TaharezLook
14/10/2017 14:25:56 (Std) 	[ImageManager] ---- Source texture file: TaharezLook.png
14/10/2017 14:25:56 (Std) 	[ImageManager] ---- Source texture resource group: (Default)
14/10/2017 14:25:56 (Std) 	[OgreRenderer] Created texture: TaharezLook
14/10/2017 14:25:56 (Std) 	[ImageManager] Created image: 'TaharezLook/ClientBrush' (0x1a7d210) of type: BasicImage
14/10/2017 14:25:56 (Std) 	[ImageManager] Created image: 'TaharezLook/GenericBrush' (0x1a7d080) of type: BasicImage
14/10/2017 14:25:56 (Std) 	[ImageManager] Created image: 'TaharezLook/WindowLeftEdge' (0x1a7df90) of type: BasicImage
14/10/2017 14:25:56 (Std) 	[ImageManager] Created image: 'TaharezLook/WindowRightEdge' (0x1a7ca40) of type: BasicImage
14/10/2017 14:25:56 (Std) 	[ImageManager] Created image: 'TaharezLook/WindowTopEdge' (0x1a6f9d0) of type: BasicImage
14/10/2017 14:25:56 (Std) 	[ImageManager] Created image: 'TaharezLook/WindowBottomEdge' (0x1a6fbe0) of type: BasicImage
14/10/2017 14:25:56 (Std) 	[ImageManager] Created image: 'TaharezLook/WindowTopLeft' (0x1a7e2c0) of type: BasicImage
14/10/2017 14:25:56 (Std) 	[ImageManager] Created image: 'TaharezLook/WindowTopRight' (0x1a7dc70) of type: BasicImage
14/10/2017 14:25:56 (Std) 	[ImageManager] Created image: 'TaharezLook/WindowBottomLeft' (0x1a6ac30) of type: BasicImage
14/10/2017 14:25:56 (Std) 	[ImageManager] Created image: 'TaharezLook/WindowBottomRight' (0x1a6ae40) of type: BasicImage
14/10/2017 14:25:56 (Std) 	[ImageManager] Created image: 'TaharezLook/ButtonLeftNormal' (0x1a6b050) of type: BasicImage
14/10/2017 14:25:56 (Std) 	[ImageManager] Created image: 'TaharezLook/ButtonMiddleNormal' (0x1a6b260) of type: BasicImage
14/10/2017 14:25:56 (Std) 	[ImageManager] Created image: 'TaharezLook/ButtonRightNormal' (0x1a6b470) of type: BasicImage
14/10/2017 14:25:56 (Std) 	[ImageManager] Created image: 'TaharezLook/ButtonLeftPushed' (0x1a6b680) of type: BasicImage
14/10/2017 14:25:56 (Std) 	[ImageManager] Created image: 'TaharezLook/ButtonMiddlePushed' (0x1a6b890) of type: BasicImage
14/10/2017 14:25:56 (Std) 	[ImageManager] Created image: 'TaharezLook/ButtonRightPushed' (0x1a6baa0) of type: BasicImage
14/10/2017 14:25:56 (Std) 	[ImageManager] Created image: 'TaharezLook/ButtonLeftHighlight' (0x1a6bcb0) of type: BasicImage
14/10/2017 14:25:56 (Std) 	[ImageManager] Created image: 'TaharezLook/ButtonMiddleHighlight' (0x1a6c050) of type: BasicImage
14/10/2017 14:25:56 (Std) 	[ImageManager] Created image: 'TaharezLook/ButtonRightHighlight' (0x1a6c380) of type: BasicImage
14/10/2017 14:25:56 (Std) 	[ImageManager] Created image: 'TaharezLook/CheckboxNormal' (0x1a70110) of type: BasicImage
14/10/2017 14:25:56 (Std) 	[ImageManager] Created image: 'TaharezLook/CheckboxHover' (0x1a6c740) of type: BasicImage
14/10/2017 14:25:56 (Std) 	[ImageManager] Created image: 'TaharezLook/CheckboxMark' (0x1a6c950) of type: BasicImage
14/10/2017 14:25:56 (Std) 	[ImageManager] Created image: 'TaharezLook/RadioButtonNormal' (0x1a6cb60) of type: BasicImage
14/10/2017 14:25:56 (Std) 	[ImageManager] Created image: 'TaharezLook/RadioButtonHover' (0x1a6cd70) of type: BasicImage
14/10/2017 14:25:56 (Std) 	[ImageManager] Created image: 'TaharezLook/RadioButtonMark' (0x1a6cf80) of type: BasicImage
14/10/2017 14:25:56 (Std) 	[ImageManager] Created image: 'TaharezLook/TitlebarLeft' (0x1a6d190) of type: BasicImage
14/10/2017 14:25:56 (Std) 	[ImageManager] Created image: 'TaharezLook/TitlebarMiddle' (0x1a6d3a0) of type: BasicImage
14/10/2017 14:25:56 (Std) 	[ImageManager] Created image: 'TaharezLook/TitlebarRight' (0x1a6d5b0) of type: BasicImage
14/10/2017 14:25:56 (Std) 	[ImageManager] Created image: 'TaharezLook/NewTitlebarLeft' (0x1a6d7c0) of type: BasicImage
14/10/2017 14:25:56 (Std) 	[ImageManager] Created image: 'TaharezLook/NewTitlebarMiddle' (0x1a6d9d0) of type: BasicImage
14/10/2017 14:25:56 (Std) 	[ImageManager] Created image: 'TaharezLook/NewTitlebarRight' (0x1a6dbe0) of type: BasicImage
14/10/2017 14:25:56 (Std) 	[ImageManager] Created image: 'TaharezLook/SysAreaMiddle' (0x1a6ddf0) of type: BasicImage
14/10/2017 14:25:56 (Std) 	[ImageManager] Created image: 'TaharezLook/SysAreaRight' (0x1a6e000) of type: BasicImage
14/10/2017 14:25:56 (Std) 	[ImageManager] Created image: 'TaharezLook/StaticLeft' (0x1a7c720) of type: BasicImage
14/10/2017 14:25:56 (Std) 	[ImageManager] Created image: 'TaharezLook/StaticRight' (0x1a71970) of type: BasicImage
14/10/2017 14:25:56 (Std) 	[ImageManager] Created image: 'TaharezLook/StaticTop' (0x1a71b80) of type: BasicImage
14/10/2017 14:25:56 (Std) 	[ImageManager] Created image: 'TaharezLook/StaticBottom' (0x1a71d90) of type: BasicImage
14/10/2017 14:25:56 (Std) 	[ImageManager] Created image: 'TaharezLook/StaticTopLeft' (0x1a71fa0) of type: BasicImage
14/10/2017 14:25:56 (Std) 	[ImageManager] Created image: 'TaharezLook/StaticTopRight' (0x1a721b0) of type: BasicImage
14/10/2017 14:25:56 (Std) 	[ImageManager] Created image: 'TaharezLook/StaticBottomLeft' (0x1a723c0) of type: BasicImage
14/10/2017 14:25:56 (Std) 	[ImageManager] Created image: 'TaharezLook/StaticBottomRight' (0x1a725d0) of type: BasicImage
14/10/2017 14:25:56 (Std) 	[ImageManager] Created image: 'TaharezLook/StaticBackdrop' (0x1a727e0) of type: BasicImage
14/10/2017 14:25:56 (Std) 	[ImageManager] Created image: 'TaharezLook/ProgressBarLeft' (0x1a729f0) of type: BasicImage
14/10/2017 14:25:56 (Std) 	[ImageManager] Created image: 'TaharezLook/ProgressBarMiddle' (0x1a72c00) of type: BasicImage
14/10/2017 14:25:56 (Std) 	[ImageManager] Created image: 'TaharezLook/ProgressBarRight' (0x1a72e10) of type: BasicImage
14/10/2017 14:25:56 (Std) 	[ImageManager] Created image: 'TaharezLook/ProgressBarDimSegment' (0x1a73020) of type: BasicImage
14/10/2017 14:25:56 (Std) 	[ImageManager] Created image: 'TaharezLook/ProgressBarLitSegment' (0x1a733e0) of type: BasicImage
14/10/2017 14:25:56 (Std) 	[ImageManager] Created image: 'TaharezLook/EditBoxLeft' (0x1a73710) of type: BasicImage
14/10/2017 14:25:56 (Std) 	[ImageManager] Created image: 'TaharezLook/EditBoxMiddle' (0x1a73920) of type: BasicImage
14/10/2017 14:25:56 (Std) 	[ImageManager] Created image: 'TaharezLook/EditBoxRight' (0x1a73b30) of type: BasicImage
14/10/2017 14:25:56 (Std) 	[ImageManager] Created image: 'TaharezLook/EditBoxCaret' (0x1a73d40) of type: BasicImage
14/10/2017 14:25:56 (Std) 	[ImageManager] Created image: 'TaharezLook/SpinnerUpNormal' (0x1a73f50) of type: BasicImage
14/10/2017 14:25:56 (Std) 	[ImageManager] Created image: 'TaharezLook/SpinnerDownNormal' (0x1a74160) of type: BasicImage
14/10/2017 14:25:56 (Std) 	[ImageManager] Created image: 'TaharezLook/SpinnerUpHover' (0x1a74370) of type: BasicImage
14/10/2017 14:25:56 (Std) 	[ImageManager] Created image: 'TaharezLook/SpinnerDownHover' (0x1a74580) of type: BasicImage
14/10/2017 14:25:56 (Std) 	[ImageManager] Created image: 'TaharezLook/TextSelectionBrush' (0x1a74790) of type: BasicImage
14/10/2017 14:25:56 (Std) 	[ImageManager] Created image: 'TaharezLook/VertScrollTop' (0x1a749a0) of type: BasicImage
14/10/2017 14:25:56 (Std) 	[ImageManager] Created image: 'TaharezLook/VertScrollMiddle' (0x1a74bb0) of type: BasicImage
14/10/2017 14:25:56 (Std) 	[ImageManager] Created image: 'TaharezLook/VertScrollBottom' (0x1a74dc0) of type: BasicImage
14/10/2017 14:25:56 (Std) 	[ImageManager] Created image: 'TaharezLook/VertScrollBarSegment' (0x1a74fd0) of type: BasicImage
14/10/2017 14:25:56 (Std) 	[ImageManager] Created image: 'TaharezLook/VertScrollThumbNormal' (0x1a75300) of type: BasicImage
14/10/2017 14:25:56 (Std) 	[ImageManager] Created image: 'TaharezLook/VertScrollThumbHover' (0x1a75630) of type: BasicImage
14/10/2017 14:25:56 (Std) 	[ImageManager] Created image: 'TaharezLook/VertScrollUpNormal' (0x1a75960) of type: BasicImage
14/10/2017 14:25:56 (Std) 	[ImageManager] Created image: 'TaharezLook/VertScrollDownNormal' (0x1a75b70) of type: BasicImage
14/10/2017 14:25:56 (Std) 	[ImageManager] Created image: 'TaharezLook/VertScrollUpHover' (0x1a75ea0) of type: BasicImage
14/10/2017 14:25:56 (Std) 	[ImageManager] Created image: 'TaharezLook/VertScrollDownHover' (0x1a760b0) of type: BasicImage
14/10/2017 14:25:56 (Std) 	[ImageManager] Created image: 'TaharezLook/MiniVertScrollBarSegment' (0x1a765e0) of type: BasicImage
14/10/2017 14:25:56 (Std) 	[ImageManager] Created image: 'TaharezLook/MiniVertScrollThumbNormal' (0x1a7cde0) of type: BasicImage
14/10/2017 14:25:56 (Std) 	[ImageManager] Created image: 'TaharezLook/MiniVertScrollThumbTopNormal' (0x1a6e450) of type: BasicImage
14/10/2017 14:25:56 (Std) 	[ImageManager] Created image: 'TaharezLook/MiniVertScrollThumbMiddleNormal' (0x1a94b50) of type: BasicImage
14/10/2017 14:25:56 (Std) 	[ImageManager] Created image: 'TaharezLook/MiniVertScrollThumbBottomNormal' (0x1a94fa0) of type: BasicImage
14/10/2017 14:25:56 (Std) 	[ImageManager] Created image: 'TaharezLook/MiniVertScrollThumbTopHover' (0x1a7e660) of type: BasicImage
14/10/2017 14:25:56 (Std) 	[ImageManager] Created image: 'TaharezLook/MiniVertScrollThumbMiddleHover' (0x1a95590) of type: BasicImage
14/10/2017 14:25:56 (Std) 	[ImageManager] Created image: 'TaharezLook/MiniVertScrollThumbBottomHover' (0x1a959e0) of type: BasicImage
14/10/2017 14:25:56 (Std) 	[ImageManager] Created image: 'TaharezLook/MiniVertScrollThumbHover' (0x1a95d70) of type: BasicImage
14/10/2017 14:25:56 (Std) 	[ImageManager] Created image: 'TaharezLook/MiniVertScrollUpNormal' (0x1a96160) of type: BasicImage
14/10/2017 14:25:56 (Std) 	[ImageManager] Created image: 'TaharezLook/MiniVertScrollDownNormal' (0x1a964b0) of type: BasicImage
14/10/2017 14:25:56 (Std) 	[ImageManager] Created image: 'TaharezLook/MiniVertScrollUpHover' (0x1a96800) of type: BasicImage
14/10/2017 14:25:56 (Std) 	[ImageManager] Created image: 'TaharezLook/MiniVertScrollDownHover' (0x1a96b30) of type: BasicImage
14/10/2017 14:25:56 (Std) 	[ImageManager] Created image: 'TaharezLook/VertSliderBody' (0x1a96e80) of type: BasicImage
14/10/2017 14:25:56 (Std) 	[ImageManager] Created image: 'TaharezLook/VertSliderThumbNormal' (0x1a97090) of type: BasicImage
14/10/2017 14:25:56 (Std) 	[ImageManager] Created image: 'TaharezLook/VertSliderThumbHover' (0x1a973c0) of type: BasicImage
14/10/2017 14:25:56 (Std) 	[ImageManager] Created image: 'TaharezLook/MiniHorzScrollBarSegment' (0x1a976f0) of type: BasicImage
14/10/2017 14:25:56 (Std) 	[ImageManager] Created image: 'TaharezLook/MiniHorzScrollThumbNormal' (0x1a97a40) of type: BasicImage
14/10/2017 14:25:56 (Std) 	[ImageManager] Created image: 'TaharezLook/MiniHorzScrollThumbLeftNormal' (0x1a97d90) of type: BasicImage
14/10/2017 14:25:56 (Std) 	[ImageManager] Created image: 'TaharezLook/MiniHorzScrollThumbMiddleNormal' (0x1a981b0) of type: BasicImage
14/10/2017 14:25:56 (Std) 	[ImageManager] Created image: 'TaharezLook/MiniHorzScrollThumbRightNormal' (0x1a98540) of type: BasicImage
14/10/2017 14:25:56 (Std) 	[ImageManager] Created image: 'TaharezLook/MiniHorzScrollThumbHover' (0x1a988d0) of type: BasicImage
14/10/2017 14:25:56 (Std) 	[ImageManager] Created image: 'TaharezLook/MiniHorzScrollThumbLeftHover' (0x1a98c20) of type: BasicImage
14/10/2017 14:25:56 (Std) 	[ImageManager] Created image: 'TaharezLook/MiniHorzScrollThumbMiddleHover' (0x1a98f90) of type: BasicImage
14/10/2017 14:25:56 (Std) 	[ImageManager] Created image: 'TaharezLook/MiniHorzScrollThumbRightHover' (0x1a99320) of type: BasicImage
14/10/2017 14:25:56 (Std) 	[ImageManager] Created image: 'TaharezLook/MiniHorzScrollLeftNormal' (0x1a99690) of type: BasicImage
14/10/2017 14:25:56 (Std) 	[ImageManager] Created image: 'TaharezLook/MiniHorzScrollRightNormal' (0x1a999e0) of type: BasicImage
14/10/2017 14:25:56 (Std) 	[ImageManager] Created image: 'TaharezLook/MiniHorzScrollLeftHover' (0x1a99d30) of type: BasicImage
14/10/2017 14:25:56 (Std) 	[ImageManager] Created image: 'TaharezLook/MiniHorzScrollRightHover' (0x1a9a080) of type: BasicImage
14/10/2017 14:25:56 (Std) 	[ImageManager] Created image: 'TaharezLook/ListboxLeft' (0x1a9a3d0) of type: BasicImage
14/10/2017 14:25:56 (Std) 	[ImageManager] Created image: 'TaharezLook/ListboxRight' (0x1a9a5e0) of type: BasicImage
14/10/2017 14:25:56 (Std) 	[ImageManager] Created image: 'TaharezLook/ListboxTop' (0x1a9a7f0) of type: BasicImage
14/10/2017 14:25:56 (Std) 	[ImageManager] Created image: 'TaharezLook/ListboxBottom' (0x1a9aa00) of type: BasicImage
14/10/2017 14:25:56 (Std) 	[ImageManager] Created image: 'TaharezLook/ListboxTopLeft' (0x1a9ac10) of type: BasicImage
14/10/2017 14:25:56 (Std) 	[ImageManager] Created image: 'TaharezLook/ListboxTopRight' (0x1a9ae20) of type: BasicImage
14/10/2017 14:25:56 (Std) 	[ImageManager] Created image: 'TaharezLook/ListboxBottomLeft' (0x1a9b030) of type: BasicImage
14/10/2017 14:25:56 (Std) 	[ImageManager] Created image: 'TaharezLook/ListboxBottomRight' (0x1a9b240) of type: BasicImage
14/10/2017 14:25:56 (Std) 	[ImageManager] Created image: 'TaharezLook/ListboxBackdrop' (0x1a9b450) of type: BasicImage
14/10/2017 14:25:56 (Std) 	[ImageManager] Created image: 'TaharezLook/ListboxSelectionBrush' (0x1a9b660) of type: BasicImage
14/10/2017 14:25:56 (Std) 	[ImageManager] Created image: 'TaharezLook/ComboboxEditLeft' (0x1a9b990) of type: BasicImage
14/10/2017 14:25:56 (Std) 	[ImageManager] Created image: 'TaharezLook/ComboboxEditMiddle' (0x1a9bba0) of type: BasicImage
14/10/2017 14:25:56 (Std) 	[ImageManager] Created image: 'TaharezLook/ComboboxListButtonNormal' (0x1a9bdb0) of type: BasicImage
14/10/2017 14:25:56 (Std) 	[ImageManager] Created image: 'TaharezLook/ComboboxListButtonHover' (0x1a9c100) of type: BasicImage
14/10/2017 14:25:56 (Std) 	[ImageManager] Created image: 'TaharezLook/ComboboxListLeft' (0x1a9c450) of type: BasicImage
14/10/2017 14:25:56 (Std) 	[ImageManager] Created image: 'TaharezLook/ComboboxListRight' (0x1a9c660) of type: BasicImage
14/10/2017 14:25:56 (Std) 	[ImageManager] Created image: 'TaharezLook/ComboboxListTop' (0x1a9c870) of type: BasicImage
14/10/2017 14:25:56 (Std) 	[ImageManager] Created image: 'TaharezLook/ComboboxListBottom' (0x1a9ca80) of type: BasicImage
14/10/2017 14:25:56 (Std) 	[ImageManager] Created image: 'TaharezLook/ComboboxListTopLeft' (0x1a9cc90) of type: BasicImage
14/10/2017 14:25:56 (Std) 	[ImageManager] Created image: 'TaharezLook/ComboboxListTopRight' (0x1a9cea0) of type: BasicImage
14/10/2017 14:25:56 (Std) 	[ImageManager] Created image: 'TaharezLook/ComboboxListBottomLeft' (0x1a9d1d0) of type: BasicImage
14/10/2017 14:25:56 (Std) 	[ImageManager] Created image: 'TaharezLook/ComboboxListBottomRight' (0x1a9d520) of type: BasicImage
14/10/2017 14:25:56 (Std) 	[ImageManager] Created image: 'TaharezLook/ComboboxListBackdrop' (0x1a9d870) of type: BasicImage
14/10/2017 14:25:56 (Std) 	[ImageManager] Created image: 'TaharezLook/ComboboxSelectionBrush' (0x1a9dba0) of type: BasicImage
14/10/2017 14:25:56 (Std) 	[ImageManager] Created image: 'TaharezLook/ComboboxDividerLeft' (0x1a9def0) of type: BasicImage
14/10/2017 14:25:56 (Std) 	[ImageManager] Created image: 'TaharezLook/ComboboxDividerMiddle' (0x1a9e100) of type: BasicImage
14/10/2017 14:25:56 (Std) 	[ImageManager] Created image: 'TaharezLook/ComboboxDividerRight' (0x1a9e430) of type: BasicImage
14/10/2017 14:25:56 (Std) 	[ImageManager] Created image: 'TaharezLook/HeaderBarBackdropNormal' (0x1a9e760) of type: BasicImage
14/10/2017 14:25:56 (Std) 	[ImageManager] Created image: 'TaharezLook/HeaderBarBackdropHover' (0x1a9eab0) of type: BasicImage
14/10/2017 14:25:56 (Std) 	[ImageManager] Created image: 'TaharezLook/HeaderBarSplitterNormal' (0x1a9ee00) of type: BasicImage
14/10/2017 14:25:56 (Std) 	[ImageManager] Created image: 'TaharezLook/HeaderBarSplitterHover' (0x1a9f150) of type: BasicImage
14/10/2017 14:25:56 (Std) 	[ImageManager] Created image: 'TaharezLook/HeaderBarSortUp' (0x1a9f4a0) of type: BasicImage
14/10/2017 14:25:56 (Std) 	[ImageManager] Created image: 'TaharezLook/HeaderBarSortDown' (0x1a9f6b0) of type: BasicImage
14/10/2017 14:25:56 (Std) 	[ImageManager] Created image: 'TaharezLook/MultiListLeft' (0x1a9f8c0) of type: BasicImage
14/10/2017 14:25:56 (Std) 	[ImageManager] Created image: 'TaharezLook/MultiListRight' (0x1a9fad0) of type: BasicImage
14/10/2017 14:25:56 (Std) 	[ImageManager] Created image: 'TaharezLook/MultiListTop' (0x1a9fce0) of type: BasicImage
14/10/2017 14:25:56 (Std) 	[ImageManager] Created image: 'TaharezLook/MultiListBottom' (0x1a9fef0) of type: BasicImage
14/10/2017 14:25:56 (Std) 	[ImageManager] Created image: 'TaharezLook/MultiListTopLeft' (0x1aa0100) of type: BasicImage
14/10/2017 14:25:56 (Std) 	[ImageManager] Created image: 'TaharezLook/MultiListTopRight' (0x1aa0310) of type: BasicImage
14/10/2017 14:25:56 (Std) 	[ImageManager] Created image: 'TaharezLook/MultiListBottomLeft' (0x1aa0520) of type: BasicImage
14/10/2017 14:25:56 (Std) 	[ImageManager] Created image: 'TaharezLook/MultiListBottomRight' (0x1aa0730) of type: BasicImage
14/10/2017 14:25:56 (Std) 	[ImageManager] Created image: 'TaharezLook/MultiListBackdrop' (0x1aa0a60) of type: BasicImage
14/10/2017 14:25:56 (Std) 	[ImageManager] Created image: 'TaharezLook/MultiListSelectionBrush' (0x1aa0c70) of type: BasicImage
14/10/2017 14:25:56 (Std) 	[ImageManager] Created image: 'TaharezLook/AltProgressLeft' (0x1aa0fc0) of type: BasicImage
14/10/2017 14:25:56 (Std) 	[ImageManager] Created image: 'TaharezLook/AltProgressMiddle' (0x1a7da60) of type: BasicImage
14/10/2017 14:25:56 (Std) 	[ImageManager] Created image: 'TaharezLook/AltProgressRight' (0x1aa1360) of type: BasicImage
14/10/2017 14:25:56 (Std) 	[ImageManager] Created image: 'TaharezLook/AltProgressQuarter' (0x1b215d0) of type: BasicImage
14/10/2017 14:25:56 (Std) 	[ImageManager] Created image: 'TaharezLook/AltProgressHalf' (0x1b217e0) of type: BasicImage
14/10/2017 14:25:56 (Std) 	[ImageManager] Created image: 'TaharezLook/AltProgressLight1' (0x1b219f0) of type: BasicImage
14/10/2017 14:25:56 (Std) 	[ImageManager] Created image: 'TaharezLook/AltProgressLight2' (0x1b21c00) of type: BasicImage
14/10/2017 14:25:56 (Std) 	[ImageManager] Created image: 'TaharezLook/AltProgressLight3' (0x1b21e10) of type: BasicImage
14/10/2017 14:25:56 (Std) 	[ImageManager] Created image: 'TaharezLook/AltProgressLight4' (0x1b22020) of type: BasicImage
14/10/2017 14:25:56 (Std) 	[ImageManager] Created image: 'TaharezLook/AltProgressLight5' (0x1b22230) of type: BasicImage
14/10/2017 14:25:56 (Std) 	[ImageManager] Created image: 'TaharezLook/AltProgressLight6' (0x1b22440) of type: BasicImage
14/10/2017 14:25:56 (Std) 	[ImageManager] Created image: 'TaharezLook/AltProgressLight7' (0x1b22650) of type: BasicImage
14/10/2017 14:25:56 (Std) 	[ImageManager] Created image: 'TaharezLook/AltProgressLight8' (0x1b22860) of type: BasicImage
14/10/2017 14:25:56 (Std) 	[ImageManager] Created image: 'TaharezLook/AltProgressLight9' (0x1b22a70) of type: BasicImage
14/10/2017 14:25:56 (Std) 	[ImageManager] Created image: 'TaharezLook/AltProgressLight10' (0x1b22c80) of type: BasicImage
14/10/2017 14:25:56 (Std) 	[ImageManager] Created image: 'TaharezLook/CloseButtonNormal' (0x1b22e90) of type: BasicImage
14/10/2017 14:25:56 (Std) 	[ImageManager] Created image: 'TaharezLook/CloseButtonHover' (0x1b230a0) of type: BasicImage
14/10/2017 14:25:56 (Std) 	[ImageManager] Created image: 'TaharezLook/CloseButtonPressed' (0x1b232b0) of type: BasicImage
14/10/2017 14:25:56 (Std) 	[ImageManager] Created image: 'TaharezLook/NewCloseButtonNormal' (0x1b234c0) of type: BasicImage
14/10/2017 14:25:56 (Std) 	[ImageManager] Created image: 'TaharezLook/NewCloseButtonHover' (0x1b236d0) of type: BasicImage
14/10/2017 14:25:56 (Std) 	[ImageManager] Created image: 'TaharezLook/NewCloseButtonPressed' (0x1b238e0) of type: BasicImage
14/10/2017 14:25:56 (Std) 	[ImageManager] Created image: 'TaharezLook/MultiLineEditboxLeft' (0x1b23af0) of type: BasicImage
14/10/2017 14:25:56 (Std) 	[ImageManager] Created image: 'TaharezLook/MultiLineEditboxRight' (0x1b23d00) of type: BasicImage
14/10/2017 14:25:56 (Std) 	[ImageManager] Created image: 'TaharezLook/MultiLineEditboxTop' (0x1b23f10) of type: BasicImage
14/10/2017 14:25:56 (Std) 	[ImageManager] Created image: 'TaharezLook/MultiLineEditboxBottom' (0x1b24120) of type: BasicImage
14/10/2017 14:25:56 (Std) 	[ImageManager] Created image: 'TaharezLook/MultiLineEditboxTopLeft' (0x1b24330) of type: BasicImage
14/10/2017 14:25:56 (Std) 	[ImageManager] Created image: 'TaharezLook/MultiLineEditboxTopRight' (0x1b24680) of type: BasicImage
14/10/2017 14:25:56 (Std) 	[ImageManager] Created image: 'TaharezLook/MultiLineEditboxBottomLeft' (0x1a7e1a0) of type: BasicImage
14/10/2017 14:25:56 (Std) 	[ImageManager] Created image: 'TaharezLook/MultiLineEditboxBottomRight' (0x1b24e60) of type: BasicImage
14/10/2017 14:25:56 (Std) 	[ImageManager] Created image: 'TaharezLook/MultiLineEditboxBackdrop' (0x1b251d0) of type: BasicImage
14/10/2017 14:25:56 (Std) 	[ImageManager] Created image: 'TaharezLook/MultiLineEditboxSelectionBrush' (0x1b25570) of type: BasicImage
14/10/2017 14:25:56 (Std) 	[ImageManager] Created image: 'TaharezLook/MouseTarget' (0x1b25e70) of type: BasicImage
14/10/2017 14:25:56 (Std) 	[ImageManager] Created image: 'TaharezLook/MouseArrow' (0x1a76450) of type: BasicImage
14/10/2017 14:25:56 (Std) 	[ImageManager] Created image: 'TaharezLook/MouseMoveCursor' (0x1b263a0) of type: BasicImage
14/10/2017 14:25:56 (Std) 	[ImageManager] Created image: 'TaharezLook/MouseNoSoCursor' (0x1b265b0) of type: BasicImage
14/10/2017 14:25:56 (Std) 	[ImageManager] Created image: 'TaharezLook/MouseEsWeCursor' (0x1b267c0) of type: BasicImage
14/10/2017 14:25:56 (Std) 	[ImageManager] Created image: 'TaharezLook/MouseNeSwCursor' (0x1b269d0) of type: BasicImage
14/10/2017 14:25:56 (Std) 	[ImageManager] Created image: 'TaharezLook/MouseNwSeCursor' (0x1b26be0) of type: BasicImage
14/10/2017 14:25:56 (Std) 	[ImageManager] Created image: 'TaharezLook/MouseTextBar' (0x1b26df0) of type: BasicImage
14/10/2017 14:25:56 (Std) 	[ImageManager] Created image: 'TaharezLook/TabHorizontalFiller' (0x1b26080) of type: BasicImage
14/10/2017 14:25:56 (Std) 	[ImageManager] Created image: 'TaharezLook/TabContentPaneUpperLeft' (0x1b25ab0) of type: BasicImage
14/10/2017 14:25:56 (Std) 	[ImageManager] Created image: 'TaharezLook/TabContentPaneUpper' (0x1b27000) of type: BasicImage
14/10/2017 14:25:56 (Std) 	[ImageManager] Created image: 'TaharezLook/TabContentPaneUpperRight' (0x1b27120) of type: BasicImage
14/10/2017 14:25:56 (Std) 	[ImageManager] Created image: 'TaharezLook/TabContentPaneLeft' (0x1b273d0) of type: BasicImage
14/10/2017 14:25:56 (Std) 	[ImageManager] Created image: 'TaharezLook/TabContentPaneRight' (0x1b275e0) of type: BasicImage
14/10/2017 14:25:56 (Std) 	[ImageManager] Created image: 'TaharezLook/TabContentPaneLower' (0x1b277f0) of type: BasicImage
14/10/2017 14:25:56 (Std) 	[ImageManager] Created image: 'TaharezLook/TabContentPaneLowerLeft' (0x1b27a00) of type: BasicImage
14/10/2017 14:25:56 (Std) 	[ImageManager] Created image: 'TaharezLook/TabContentPaneLowerRight' (0x1b27d50) of type: BasicImage
14/10/2017 14:25:56 (Std) 	[ImageManager] Created image: 'TaharezLook/TabContentPaneMiddle' (0x1b280a0) of type: BasicImage
14/10/2017 14:25:56 (Std) 	[ImageManager] Created image: 'TaharezLook/TabButtonScrollLeftNormal' (0x1b28440) of type: BasicImage
14/10/2017 14:25:56 (Std) 	[ImageManager] Created image: 'TaharezLook/TabButtonScrollRightNormal' (0x1b28920) of type: BasicImage
14/10/2017 14:25:56 (Std) 	[ImageManager] Created image: 'TaharezLook/TabButtonScrollLeftHover' (0x1a7d5d0) of type: BasicImage
14/10/2017 14:25:56 (Std) 	[ImageManager] Created image: 'TaharezLook/TabButtonScrollRightHover' (0x1b28e30) of type: BasicImage
14/10/2017 14:25:56 (Std) 	[ImageManager] Created image: 'TaharezLook/TabButtonLeftNormal' (0x1b29180) of type: BasicImage
14/10/2017 14:25:56 (Std) 	[ImageManager] Created image: 'TaharezLook/TabButtonRightNormal' (0x1b29390) of type: BasicImage
14/10/2017 14:25:56 (Std) 	[ImageManager] Created image: 'TaharezLook/TabButtonUpperNormal' (0x1b295a0) of type: BasicImage
14/10/2017 14:25:56 (Std) 	[ImageManager] Created image: 'TaharezLook/TabButtonLowerNormal' (0x1b298d0) of type: BasicImage
14/10/2017 14:25:56 (Std) 	[ImageManager] Created image: 'TaharezLook/TabButtonUpperLeftNormal' (0x1b29d90) of type: BasicImage
14/10/2017 14:25:56 (Std) 	[ImageManager] Created image: 'TaharezLook/TabButtonUpperLeft2Normal' (0x1b2a180) of type: BasicImage
14/10/2017 14:25:56 (Std) 	[ImageManager] Created image: 'TaharezLook/TabButtonUpperRightNormal' (0x1b2a4d0) of type: BasicImage
14/10/2017 14:25:56 (Std) 	[ImageManager] Created image: 'TaharezLook/TabButtonLowerLeftNormal' (0x1b2a820) of type: BasicImage
14/10/2017 14:25:56 (Std) 	[ImageManager] Created image: 'TaharezLook/TabButtonLowerRightNormal' (0x1b2ab70) of type: BasicImage
14/10/2017 14:25:56 (Std) 	[ImageManager] Created image: 'TaharezLook/TabButtonLowerRight2Normal' (0x1b2b050) of type: BasicImage
14/10/2017 14:25:56 (Std) 	[ImageManager] Created image: 'TaharezLook/TabButtonMiddleNormal' (0x1a6fdf0) of type: BasicImage
14/10/2017 14:25:56 (Std) 	[ImageManager] Created image: 'TaharezLook/TabButtonLeftSelected' (0x1b2b560) of type: BasicImage
14/10/2017 14:25:56 (Std) 	[ImageManager] Created image: 'TaharezLook/TabButtonRightSelected' (0x1b2b900) of type: BasicImage
14/10/2017 14:25:56 (Std) 	[ImageManager] Created image: 'TaharezLook/TabButtonUpperSelected' (0x1b2bc50) of type: BasicImage
14/10/2017 14:25:56 (Std) 	[ImageManager] Created image: 'TaharezLook/TabButtonLowerSelected' (0x1b2bfa0) of type: BasicImage
14/10/2017 14:25:56 (Std) 	[ImageManager] Created image: 'TaharezLook/TabButtonUpperLeftSelected' (0x1b2c480) of type: BasicImage
14/10/2017 14:25:56 (Std) 	[ImageManager] Created image: 'TaharezLook/TabButtonUpperRightSelected' (0x1b2c8a0) of type: BasicImage
14/10/2017 14:25:56 (Std) 	[ImageManager] Created image: 'TaharezLook/TabButtonLowerLeftSelected' (0x1b2cc10) of type: BasicImage
14/10/2017 14:25:56 (Std) 	[ImageManager] Created image: 'TaharezLook/TabButtonLowerRightSelected' (0x1b2cf80) of type: BasicImage
14/10/2017 14:25:56 (Std) 	[ImageManager] Created image: 'TaharezLook/TabButtonMiddleSelected' (0x1b2d2f0) of type: BasicImage
14/10/2017 14:25:56 (Std) 	[ImageManager] Created image: 'TaharezLook/TooltipTopLeft' (0x1b2d500) of type: BasicImage
14/10/2017 14:25:56 (Std) 	[ImageManager] Created image: 'TaharezLook/TooltipTopRight' (0x1b2d710) of type: BasicImage
14/10/2017 14:25:56 (Std) 	[ImageManager] Created image: 'TaharezLook/TooltipBottomLeft' (0x1b2d920) of type: BasicImage
14/10/2017 14:25:56 (Std) 	[ImageManager] Created image: 'TaharezLook/TooltipBottomRight' (0x1b2db30) of type: BasicImage
14/10/2017 14:25:56 (Std) 	[ImageManager] Created image: 'TaharezLook/TooltipLeftEdge' (0x1b2dd40) of type: BasicImage
14/10/2017 14:25:56 (Std) 	[ImageManager] Created image: 'TaharezLook/TooltipRightEdge' (0x1b2df50) of type: BasicImage
14/10/2017 14:25:56 (Std) 	[ImageManager] Created image: 'TaharezLook/TooltipTopEdge' (0x1b2e160) of type: BasicImage
14/10/2017 14:25:56 (Std) 	[ImageManager] Created image: 'TaharezLook/TooltipBottomEdge' (0x1b2e370) of type: BasicImage
14/10/2017 14:25:56 (Std) 	[ImageManager] Created image: 'TaharezLook/TooltipMiddle' (0x1b2e580) of type: BasicImage
14/10/2017 14:25:56 (Std) 	[ImageManager] Created image: 'TaharezLook/MenuTopLeft' (0x1b2e790) of type: BasicImage
14/10/2017 14:25:56 (Std) 	[ImageManager] Created image: 'TaharezLook/MenuTopRight' (0x1b2e9a0) of type: BasicImage
14/10/2017 14:25:56 (Std) 	[ImageManager] Created image: 'TaharezLook/MenuBottomLeft' (0x1b2ebb0) of type: BasicImage
14/10/2017 14:25:56 (Std) 	[ImageManager] Created image: 'TaharezLook/MenuBottomRight' (0x1b2edc0) of type: BasicImage
14/10/2017 14:25:56 (Std) 	[ImageManager] Created image: 'TaharezLook/MenuLeft' (0x1b2efd0) of type: BasicImage
14/10/2017 14:25:56 (Std) 	[ImageManager] Created image: 'TaharezLook/MenuRight' (0x1b2f1e0) of type: BasicImage
14/10/2017 14:25:56 (Std) 	[ImageManager] Created image: 'TaharezLook/MenuTop' (0x1b2f3f0) of type: BasicImage
14/10/2017 14:25:56 (Std) 	[ImageManager] Created image: 'TaharezLook/MenuBottom' (0x1b2f600) of type: BasicImage
14/10/2017 14:25:56 (Std) 	[ImageManager] Created image: 'TaharezLook/MenuMiddle' (0x1b2f810) of type: BasicImage
14/10/2017 14:25:56 (Std) 	[ImageManager] Created image: 'TaharezLook/PopupMenuFrameTopLeft' (0x1b2fa20) of type: BasicImage
14/10/2017 14:25:56 (Std) 	[ImageManager] Created image: 'TaharezLook/PopupMenuFrameTopRight' (0x1b2fc30) of type: BasicImage
14/10/2017 14:25:56 (Std) 	[ImageManager] Created image: 'TaharezLook/PopupMenuFrameBottomLeft' (0x1b30020) of type: BasicImage
14/10/2017 14:25:56 (Std) 	[ImageManager] Created image: 'TaharezLook/PopupMenuFrameBottomRight' (0x1b30370) of type: BasicImage
14/10/2017 14:25:56 (Std) 	[ImageManager] Created image: 'TaharezLook/PopupMenuFrameLeft' (0x1b306c0) of type: BasicImage
14/10/2017 14:25:56 (Std) 	[ImageManager] Created image: 'TaharezLook/PopupMenuFrameRight' (0x1b308d0) of type: BasicImage
14/10/2017 14:25:56 (Std) 	[ImageManager] Created image: 'TaharezLook/PopupMenuFrameTop' (0x1b30ae0) of type: BasicImage
14/10/2017 14:25:56 (Std) 	[ImageManager] Created image: 'TaharezLook/PopupMenuFrameBottom' (0x1b30cf0) of type: BasicImage
14/10/2017 14:25:56 (Std) 	[ImageManager] Created image: 'TaharezLook/PopupMenuMiddle' (0x1b30f00) of type: BasicImage
14/10/2017 14:25:56 (Std) 	[ImageManager] Created image: 'TaharezLook/PopupMenuArrowRight' (0x1b31110) of type: BasicImage
14/10/2017 14:25:56 (Std) 	[ImageManager] Created image: 'TaharezLook/PopupMenuArrowLeft' (0x1b31320) of type: BasicImage
14/10/2017 14:25:56 (Std) 	[ImageManager] Created image: 'TaharezLook/TreeListClosed' (0x1b31530) of type: BasicImage
14/10/2017 14:25:56 (Std) 	[ImageManager] Created image: 'TaharezLook/TreeListOpened' (0x1b31740) of type: BasicImage
14/10/2017 14:25:56 (Std) 	===== Falagard 'root' element: look and feel parsing begins =====
14/10/2017 14:25:56 (Std) 	===== Look and feel parsing completed =====
14/10/2017 14:25:56 (Std) 	No window renderer factories specified for module 'CEGUICoreWindowRendererSet' - adding all available factories...
14/10/2017 14:25:56 (Std) 	Created WindowRendererFactory for 'Core/Button' WindowRenderers.
14/10/2017 14:25:56 (Std) 	WindowRendererFactory 'Core/Button' added. (0x1db2610)
14/10/2017 14:25:56 (Std) 	Created WindowRendererFactory for 'Core/Default' WindowRenderers.
14/10/2017 14:25:56 (Std) 	WindowRendererFactory 'Core/Default' added. (0x1db27b0)
14/10/2017 14:25:56 (Std) 	Created WindowRendererFactory for 'Core/Editbox' WindowRenderers.
14/10/2017 14:25:56 (Std) 	WindowRendererFactory 'Core/Editbox' added. (0x1d3acc0)
14/10/2017 14:25:56 (Std) 	Created WindowRendererFactory for 'Core/FrameWindow' WindowRenderers.
14/10/2017 14:25:56 (Std) 	WindowRendererFactory 'Core/FrameWindow' added. (0x1d3ae60)
14/10/2017 14:25:56 (Std) 	Created WindowRendererFactory for 'Core/ItemEntry' WindowRenderers.
14/10/2017 14:25:56 (Std) 	WindowRendererFactory 'Core/ItemEntry' added. (0x1d3af20)
14/10/2017 14:25:56 (Std) 	Created WindowRendererFactory for 'Core/ListHeader' WindowRenderers.
14/10/2017 14:25:56 (Std) 	WindowRendererFactory 'Core/ListHeader' added. (0x1ce1300)
14/10/2017 14:25:56 (Std) 	Created WindowRendererFactory for 'Core/ListHeaderSegment' WindowRenderers.
14/10/2017 14:25:56 (Std) 	WindowRendererFactory 'Core/ListHeaderSegment' added. (0x1db3780)
14/10/2017 14:25:56 (Std) 	Created WindowRendererFactory for 'Core/Listbox' WindowRenderers.
14/10/2017 14:25:56 (Std) 	WindowRendererFactory 'Core/Listbox' added. (0x1db3920)
14/10/2017 14:25:56 (Std) 	Created WindowRendererFactory for 'Core/Menubar' WindowRenderers.
14/10/2017 14:25:56 (Std) 	WindowRendererFactory 'Core/Menubar' added. (0x1db3ac0)
14/10/2017 14:25:56 (Std) 	Created WindowRendererFactory for 'Core/MenuItem' WindowRenderers.
14/10/2017 14:25:56 (Std) 	WindowRendererFactory 'Core/MenuItem' added. (0x1dbdc00)
14/10/2017 14:25:56 (Std) 	Created WindowRendererFactory for 'Core/MultiColumnList' WindowRenderers.
14/10/2017 14:25:56 (Std) 	WindowRendererFactory 'Core/MultiColumnList' added. (0x1dbdda0)
14/10/2017 14:25:56 (Std) 	Created WindowRendererFactory for 'Core/MultiLineEditbox' WindowRenderers.
14/10/2017 14:25:56 (Std) 	WindowRendererFactory 'Core/MultiLineEditbox' added. (0x1db1b80)
14/10/2017 14:25:56 (Std) 	Created WindowRendererFactory for 'Core/PopupMenu' WindowRenderers.
14/10/2017 14:25:56 (Std) 	WindowRendererFactory 'Core/PopupMenu' added. (0x1db1d20)
14/10/2017 14:25:56 (Std) 	Created WindowRendererFactory for 'Core/ProgressBar' WindowRenderers.
14/10/2017 14:25:56 (Std) 	WindowRendererFactory 'Core/ProgressBar' added. (0x1db1ec0)
14/10/2017 14:25:56 (Std) 	Created WindowRendererFactory for 'Core/ScrollablePane' WindowRenderers.
14/10/2017 14:25:56 (Std) 	WindowRendererFactory 'Core/ScrollablePane' added. (0x1db2060)
14/10/2017 14:25:56 (Std) 	Created WindowRendererFactory for 'Core/Scrollbar' WindowRenderers.
14/10/2017 14:25:56 (Std) 	WindowRendererFactory 'Core/Scrollbar' added. (0x1db2200)
14/10/2017 14:25:56 (Std) 	Created WindowRendererFactory for 'Core/Slider' WindowRenderers.
14/10/2017 14:25:56 (Std) 	WindowRendererFactory 'Core/Slider' added. (0x1a6ea40)
14/10/2017 14:25:56 (Std) 	Created WindowRendererFactory for 'Core/Static' WindowRenderers.
14/10/2017 14:25:56 (Std) 	WindowRendererFactory 'Core/Static' added. (0x1a6ecf0)
14/10/2017 14:25:56 (Std) 	Created WindowRendererFactory for 'Core/StaticImage' WindowRenderers.
14/10/2017 14:25:56 (Std) 	WindowRendererFactory 'Core/StaticImage' added. (0x1a6ee90)
14/10/2017 14:25:56 (Std) 	Created WindowRendererFactory for 'Core/StaticText' WindowRenderers.
14/10/2017 14:25:56 (Std) 	WindowRendererFactory 'Core/StaticText' added. (0x1a6f030)
14/10/2017 14:25:56 (Std) 	Created WindowRendererFactory for 'Core/TabButton' WindowRenderers.
14/10/2017 14:25:56 (Std) 	WindowRendererFactory 'Core/TabButton' added. (0x1a6f1d0)
14/10/2017 14:25:56 (Std) 	Created WindowRendererFactory for 'Core/TabControl' WindowRenderers.
14/10/2017 14:25:56 (Std) 	WindowRendererFactory 'Core/TabControl' added. (0x1a6f370)
14/10/2017 14:25:56 (Std) 	Created WindowRendererFactory for 'Core/Titlebar' WindowRenderers.
14/10/2017 14:25:56 (Std) 	WindowRendererFactory 'Core/Titlebar' added. (0x1a6f510)
14/10/2017 14:25:56 (Std) 	Created WindowRendererFactory for 'Core/ToggleButton' WindowRenderers.
14/10/2017 14:25:56 (Std) 	WindowRendererFactory 'Core/ToggleButton' added. (0x1a6f6b0)
14/10/2017 14:25:56 (Std) 	Created WindowRendererFactory for 'Core/Tooltip' WindowRenderers.
14/10/2017 14:25:56 (Std) 	WindowRendererFactory 'Core/Tooltip' added. (0x1a6f850)
14/10/2017 14:25:56 (Std) 	Created WindowRendererFactory for 'Core/ItemListbox' WindowRenderers.
14/10/2017 14:25:56 (Std) 	WindowRendererFactory 'Core/ItemListbox' added. (0x1dbb180)
14/10/2017 14:25:56 (Std) 	Created WindowRendererFactory for 'Core/Tree' WindowRenderers.
14/10/2017 14:25:56 (Std) 	WindowRendererFactory 'Core/Tree' added. (0x1dbb320)
14/10/2017 14:25:56 (Std) 	Creating falagard mapping for type 'TaharezLook/Label' using base type 'DefaultWindow', window renderer 'Core/Default' Look'N'Feel 'TaharezLook/Label' and RenderEffect ''. (0x7ffefa928ff0)
14/10/2017 14:25:56 (Std) 	Creating falagard mapping for type 'TaharezLook/Button' using base type 'CEGUI/PushButton', window renderer 'Core/Button' Look'N'Feel 'TaharezLook/Button' and RenderEffect ''. (0x7ffefa928ff0)
14/10/2017 14:25:56 (Std) 	Creating falagard mapping for type 'TaharezLook/Checkbox' using base type 'CEGUI/ToggleButton', window renderer 'Core/ToggleButton' Look'N'Feel 'TaharezLook/Checkbox' and RenderEffect ''. (0x7ffefa928ff0)
14/10/2017 14:25:56 (Std) 	Creating falagard mapping for type 'TaharezLook/ImageButton' using base type 'CEGUI/PushButton', window renderer 'Core/Button' Look'N'Feel 'TaharezLook/ImageButton' and RenderEffect ''. (0x7ffefa928ff0)
14/10/2017 14:25:56 (Std) 	Creating falagard mapping for type 'TaharezLook/RadioButton' using base type 'CEGUI/RadioButton', window renderer 'Core/ToggleButton' Look'N'Feel 'TaharezLook/RadioButton' and RenderEffect ''. (0x7ffefa928ff0)
14/10/2017 14:25:56 (Std) 	Creating falagard mapping for type 'TaharezLook/FrameWindow' using base type 'CEGUI/FrameWindow', window renderer 'Core/FrameWindow' Look'N'Feel 'TaharezLook/FrameWindow' and RenderEffect ''. (0x7ffefa928ff0)
14/10/2017 14:25:56 (Std) 	Creating falagard mapping for type 'TaharezLook/Titlebar' using base type 'CEGUI/Titlebar', window renderer 'Core/Titlebar' Look'N'Feel 'TaharezLook/Titlebar' and RenderEffect ''. (0x7ffefa928ff0)
14/10/2017 14:25:56 (Std) 	Creating falagard mapping for type 'TaharezLook/Editbox' using base type 'CEGUI/Editbox', window renderer 'Core/Editbox' Look'N'Feel 'TaharezLook/Editbox' and RenderEffect ''. (0x7ffefa928ff0)
14/10/2017 14:25:56 (Std) 	Creating falagard mapping for type 'TaharezLook/MultiLineEditbox' using base type 'CEGUI/MultiLineEditbox', window renderer 'Core/MultiLineEditbox' Look'N'Feel 'TaharezLook/MultiLineEditbox' and RenderEffect ''. (0x7ffefa928ff0)
14/10/2017 14:25:56 (Std) 	Creating falagard mapping for type 'TaharezLook/Menubar' using base type 'CEGUI/Menubar', window renderer 'Core/Menubar' Look'N'Feel 'TaharezLook/Menubar' and RenderEffect ''. (0x7ffefa928ff0)
14/10/2017 14:25:56 (Std) 	Creating falagard mapping for type 'TaharezLook/PopupMenu' using base type 'CEGUI/PopupMenu', window renderer 'Core/PopupMenu' Look'N'Feel 'TaharezLook/PopupMenu' and RenderEffect ''. (0x7ffefa928ff0)
14/10/2017 14:25:56 (Std) 	Creating falagard mapping for type 'TaharezLook/MenuItem' using base type 'CEGUI/MenuItem', window renderer 'Core/MenuItem' Look'N'Feel 'TaharezLook/MenuItem' and RenderEffect ''. (0x7ffefa928ff0)
14/10/2017 14:25:56 (Std) 	Creating falagard mapping for type 'TaharezLook/AlternateProgressBar' using base type 'CEGUI/ProgressBar', window renderer 'Core/ProgressBar' Look'N'Feel 'TaharezLook/AltProgressBar' and RenderEffect ''. (0x7ffefa928ff0)
14/10/2017 14:25:56 (Std) 	Creating falagard mapping for type 'TaharezLook/ProgressBar' using base type 'CEGUI/ProgressBar', window renderer 'Core/ProgressBar' Look'N'Feel 'TaharezLook/ProgressBar' and RenderEffect ''. (0x7ffefa928ff0)
14/10/2017 14:25:56 (Std) 	Creating falagard mapping for type 'TaharezLook/VUMeter' using base type 'CEGUI/ProgressBar', window renderer 'Core/ProgressBar' Look'N'Feel 'TaharezLook/VUMeter' and RenderEffect ''. (0x7ffefa928ff0)
14/10/2017 14:25:56 (Std) 	Creating falagard mapping for type 'TaharezLook/VerticalScrollbar' using base type 'CEGUI/Scrollbar', window renderer 'Core/Scrollbar' Look'N'Feel 'TaharezLook/VerticalScrollbar' and RenderEffect ''. (0x7ffefa928ff0)
14/10/2017 14:25:56 (Std) 	Creating falagard mapping for type 'TaharezLook/HorizontalScrollbar' using base type 'CEGUI/Scrollbar', window renderer 'Core/Scrollbar' Look'N'Feel 'TaharezLook/HorizontalScrollbar' and RenderEffect ''. (0x7ffefa928ff0)
14/10/2017 14:25:56 (Std) 	Creating falagard mapping for type 'TaharezLook/VerticalScrollbarThumb' using base type 'CEGUI/Thumb', window renderer 'Core/Button' Look'N'Feel 'TaharezLook/VerticalScrollbarThumb' and RenderEffect ''. (0x7ffefa928ff0)
14/10/2017 14:25:56 (Std) 	Creating falagard mapping for type 'TaharezLook/HorizontalScrollbarThumb' using base type 'CEGUI/Thumb', window renderer 'Core/Button' Look'N'Feel 'TaharezLook/HorizontalScrollbarThumb' and RenderEffect ''. (0x7ffefa928ff0)
14/10/2017 14:25:56 (Std) 	Creating falagard mapping for type 'TaharezLook/LargeVerticalScrollbar' using base type 'CEGUI/Scrollbar', window renderer 'Core/Scrollbar' Look'N'Feel 'TaharezLook/LargeVerticalScrollbar' and RenderEffect ''. (0x7ffefa928ff0)
14/10/2017 14:25:56 (Std) 	Creating falagard mapping for type 'TaharezLook/LargeVerticalScrollbarThumb' using base type 'CEGUI/Thumb', window renderer 'Core/Button' Look'N'Feel 'TaharezLook/LargeVerticalScrollbarThumb' and RenderEffect ''. (0x7ffefa928ff0)
14/10/2017 14:25:56 (Std) 	Creating falagard mapping for type 'TaharezLook/TabButton' using base type 'CEGUI/TabButton', window renderer 'Core/TabButton' Look'N'Feel 'TaharezLook/TabButton' and RenderEffect ''. (0x7ffefa928ff0)
14/10/2017 14:25:56 (Std) 	Creating falagard mapping for type 'TaharezLook/TabControl' using base type 'CEGUI/TabControl', window renderer 'Core/TabControl' Look'N'Feel 'TaharezLook/TabControl' and RenderEffect ''. (0x7ffefa928ff0)
14/10/2017 14:25:56 (Std) 	Creating falagard mapping for type 'TaharezLook/TabContentPane' using base type 'DefaultWindow', window renderer 'Core/Default' Look'N'Feel 'TaharezLook/TabContentPane' and RenderEffect ''. (0x7ffefa928ff0)
14/10/2017 14:25:56 (Std) 	Creating falagard mapping for type 'TaharezLook/TabButtonPane' using base type 'DefaultWindow', window renderer 'Core/Default' Look'N'Feel 'TaharezLook/TabButtonPane' and RenderEffect ''. (0x7ffefa928ff0)
14/10/2017 14:25:56 (Std) 	Creating falagard mapping for type 'TaharezLook/ComboDropList' using base type 'CEGUI/ComboDropList', window renderer 'Core/Listbox' Look'N'Feel 'TaharezLook/ComboDropList' and RenderEffect ''. (0x7ffefa928ff0)
14/10/2017 14:25:56 (Std) 	Creating falagard mapping for type 'TaharezLook/ComboEditbox' using base type 'CEGUI/Editbox', window renderer 'Core/Editbox' Look'N'Feel 'TaharezLook/ComboEditbox' and RenderEffect ''. (0x7ffefa928ff0)
14/10/2017 14:25:56 (Std) 	Creating falagard mapping for type 'TaharezLook/Combobox' using base type 'CEGUI/Combobox', window renderer 'Core/Default' Look'N'Feel 'TaharezLook/Combobox' and RenderEffect ''. (0x7ffefa928ff0)
14/10/2017 14:25:56 (Std) 	Creating falagard mapping for type 'TaharezLook/Listbox' using base type 'CEGUI/Listbox', window renderer 'Core/Listbox' Look'N'Feel 'TaharezLook/Listbox' and RenderEffect ''. (0x7ffefa928ff0)
14/10/2017 14:25:56 (Std) 	Creating falagard mapping for type 'TaharezLook/ListHeader' using base type 'CEGUI/ListHeader', window renderer 'Core/ListHeader' Look'N'Feel 'TaharezLook/ListHeader' and RenderEffect ''. (0x7ffefa928ff0)
14/10/2017 14:25:56 (Std) 	Creating falagard mapping for type 'TaharezLook/ListHeaderSegment' using base type 'CEGUI/ListHeaderSegment', window renderer 'Core/ListHeaderSegment' Look'N'Feel 'TaharezLook/ListHeaderSegment' and RenderEffect ''. (0x7ffefa928ff0)
14/10/2017 14:25:56 (Std) 	Creating falagard mapping for type 'TaharezLook/MultiColumnList' using base type 'CEGUI/MultiColumnList', window renderer 'Core/MultiColumnList' Look'N'Feel 'TaharezLook/MultiColumnList' and RenderEffect ''. (0x7ffefa928ff0)
14/10/2017 14:25:56 (Std) 	Creating falagard mapping for type 'TaharezLook/Slider' using base type 'CEGUI/Slider', window renderer 'Core/Slider' Look'N'Feel 'TaharezLook/Slider' and RenderEffect ''. (0x7ffefa928ff0)
14/10/2017 14:25:56 (Std) 	Creating falagard mapping for type 'TaharezLook/SliderThumb' using base type 'CEGUI/Thumb', window renderer 'Core/Button' Look'N'Feel 'TaharezLook/SliderThumb' and RenderEffect ''. (0x7ffefa928ff0)
14/10/2017 14:25:56 (Std) 	Creating falagard mapping for type 'TaharezLook/ScrollablePane' using base type 'CEGUI/ScrollablePane', window renderer 'Core/ScrollablePane' Look'N'Feel 'TaharezLook/ScrollablePane' and RenderEffect ''. (0x7ffefa928ff0)
14/10/2017 14:25:56 (Std) 	Creating falagard mapping for type 'TaharezLook/Spinner' using base type 'CEGUI/Spinner', window renderer 'Core/Default' Look'N'Feel 'TaharezLook/Spinner' and RenderEffect ''. (0x7ffefa928ff0)
14/10/2017 14:25:56 (Std) 	Creating falagard mapping for type 'TaharezLook/Tooltip' using base type 'CEGUI/Tooltip', window renderer 'Core/Tooltip' Look'N'Feel 'TaharezLook/Tooltip' and RenderEffect ''. (0x7ffefa928ff0)
14/10/2017 14:25:56 (Std) 	Creating falagard mapping for type 'TaharezLook/StaticImage' using base type 'DefaultWindow', window renderer 'Core/StaticImage' Look'N'Feel 'TaharezLook/StaticImage' and RenderEffect ''. (0x7ffefa928ff0)
14/10/2017 14:25:56 (Std) 	Creating falagard mapping for type 'TaharezLook/StaticText' using base type 'DefaultWindow', window renderer 'Core/StaticText' Look'N'Feel 'TaharezLook/StaticText' and RenderEffect ''. (0x7ffefa928ff0)
14/10/2017 14:25:56 (Std) 	Creating falagard mapping for type 'TaharezLook/ItemListbox' using base type 'CEGUI/ItemListbox', window renderer 'Core/ItemListbox' Look'N'Feel 'TaharezLook/ItemListbox' and RenderEffect ''. (0x7ffefa928ff0)
14/10/2017 14:25:56 (Std) 	Creating falagard mapping for type 'TaharezLook/ListboxItem' using base type 'CEGUI/ItemEntry', window renderer 'Core/ItemEntry' Look'N'Feel 'TaharezLook/ListboxItem' and RenderEffect ''. (0x7ffefa928ff0)
14/10/2017 14:25:56 (Std) 	Creating falagard mapping for type 'TaharezLook/GroupBox' using base type 'DefaultWindow', window renderer 'Core/Default' Look'N'Feel 'TaharezLook/GroupBox' and RenderEffect ''. (0x7ffefa928ff0)
14/10/2017 14:25:56 (Std) 	Creating falagard mapping for type 'TaharezLook/Tree' using base type 'CEGUI/Tree', window renderer 'Core/Tree' Look'N'Feel 'TaharezLook/Tree' and RenderEffect ''. (0x7ffefa928ff0)
14/10/2017 14:25:56 (Std) 	[OgreRenderer] Created texture: DejaVuSans-12_auto_glyph_images_32
